<?xml version="1.0" encoding="UTF-8"?>
<!-- Generated by org.testng.reporters.JUnitReportReporter -->
<testsuite skipped="0" hostname="LP-6B2CVY1" name="in.com.selenium.events.pageobject" tests="1" failures="0" timestamp="07 Jan 2018 12:04:28 GMT" time="5.218" errors="0">
  <testcase name="LaunchBrowser" time="5.218" classname="in.com.selenium.events.pageobject"/>
</testsuite> <!-- in.com.selenium.events.pageobject -->
