<?xml version="1.0" encoding="UTF-8"?>
<!-- Generated by org.testng.reporters.JUnitReportReporter -->
<testsuite skipped="0" hostname="LP-6B2CVY1" name="in.com.selenium.pages.createLoanPage" tests="3" failures="0" timestamp="07 Jan 2018 12:50:59 GMT" time="16.503" errors="0">
  <testcase name="CreateLoan" time="7.165" classname="in.com.selenium.pages.createLoanPage"/>
  <testcase name="trackLoan" time="3.954" classname="in.com.selenium.pages.createLoanPage"/>
  <testcase name="updateBrokerDetails" time="5.384" classname="in.com.selenium.pages.createLoanPage"/>
</testsuite> <!-- in.com.selenium.pages.createLoanPage -->
